<?xml version="1.0" encoding="UTF-8" ?>
<testsuites>
  <testsuite errors="0" failures="0" hostname="CCHL-829706a" id="0" name="ApplicationUserIntegrationSpec" package="com.summitbid.coach" tests="1" time="0.144" timestamp="2013-12-06T23:29:57">
      <properties />

      <testcase classname="com.summitbid.coach.ApplicationUserIntegrationSpec" name="Recovering from a failed save by fixing invalid properties" time="0.129" />

      <system-out><![CDATA[--Output from Recovering from a failed save by fixing invalid properties--
Hibernate: 
    /* criteria query */ select
        this_.id as id6_0_,
        this_.version as version6_0_,
        this_.api_key as api3_6_0_,
        this_.application_name as applicat4_6_0_,
        this_.password as password6_0_ 
    from
        application_user this_ 
    where
        this_.application_name=?
Hibernate: 
    /* criteria query */ select
        this_.id as id6_0_,
        this_.version as version6_0_,
        this_.api_key as api3_6_0_,
        this_.application_name as applicat4_6_0_,
        this_.password as password6_0_ 
    from
        application_user this_ 
    where
        this_.application_name=?
Hibernate: 
    /* criteria query */ select
        this_.id as id6_0_,
        this_.version as version6_0_,
        this_.api_key as api3_6_0_,
        this_.application_name as applicat4_6_0_,
        this_.password as password6_0_ 
    from
        application_user this_ 
    where
        this_.application_name=?
Hibernate: 
    /* insert com.summitbid.coach.ApplicationUser
        */ insert 
        into
            application_user
            (id, version, api_key, application_name, password) 
        values
            (null, ?, ?, ?, ?)
Hibernate: 
    /* criteria query */ select
        this_.id as id6_0_,
        this_.version as version6_0_,
        this_.api_key as api3_6_0_,
        this_.application_name as applicat4_6_0_,
        this_.password as password6_0_ 
    from
        application_user this_ 
    where
        this_.application_name=?
Hibernate: 
    /* criteria query */ select
        this_.id as id6_0_,
        this_.version as version6_0_,
        this_.api_key as api3_6_0_,
        this_.application_name as applicat4_6_0_,
        this_.password as password6_0_ 
    from
        application_user this_ 
    where
        this_.application_name=?
]]></system-out>

      <system-err><![CDATA[--Output from Recovering from a failed save by fixing invalid properties--
]]></system-err>

  </testsuite>
  <testsuite errors="0" failures="0" hostname="CCHL-829706a" id="1" name="PostIntegrationSpec" package="com.summitbid.coach" tests="3" time="0.121" timestamp="2013-12-06T23:29:57">
      <properties />

      <testcase classname="com.summitbid.coach.PostIntegrationSpec" name="Adding posts to user links post to user" time="0.021" />

      <testcase classname="com.summitbid.coach.PostIntegrationSpec" name="Ensure posts linked to a user can be retrieved" time="0.052" />

      <testcase classname="com.summitbid.coach.PostIntegrationSpec" name="Exercise tagging several posts with various tags" time="0.028" />

      <system-out><![CDATA[--Output from Adding posts to user links post to user--
Hibernate: 
    /* criteria query */ select
        this_.id as id3_0_,
        this_.version as version3_0_,
        this_.date_created as date3_3_0_,
        this_.login_id as login4_3_0_,
        this_.password as password3_0_ 
    from
        user this_ 
    where
        this_.login_id=?
Hibernate: 
    /* criteria query */ select
        this_.id as id3_0_,
        this_.version as version3_0_,
        this_.date_created as date3_3_0_,
        this_.login_id as login4_3_0_,
        this_.password as password3_0_ 
    from
        user this_ 
    where
        this_.login_id=?
Hibernate: 
    /* insert com.summitbid.coach.User
        */ insert 
        into
            user
            (id, version, date_created, login_id, password) 
        values
            (null, ?, ?, ?, ?)
--Output from Ensure posts linked to a user can be retrieved--
Hibernate: 
    /* criteria query */ select
        this_.id as id3_0_,
        this_.version as version3_0_,
        this_.date_created as date3_3_0_,
        this_.login_id as login4_3_0_,
        this_.password as password3_0_ 
    from
        user this_ 
    where
        this_.login_id=?
Hibernate: 
    /* criteria query */ select
        this_.id as id3_0_,
        this_.version as version3_0_,
        this_.date_created as date3_3_0_,
        this_.login_id as login4_3_0_,
        this_.password as password3_0_ 
    from
        user this_ 
    where
        this_.login_id=?
Hibernate: 
    /* insert com.summitbid.coach.User
        */ insert 
        into
            user
            (id, version, date_created, login_id, password) 
        values
            (null, ?, ?, ?, ?)
--Output from Exercise tagging several posts with various tags--
Hibernate: 
    /* criteria query */ select
        this_.id as id3_0_,
        this_.version as version3_0_,
        this_.date_created as date3_3_0_,
        this_.login_id as login4_3_0_,
        this_.password as password3_0_ 
    from
        user this_ 
    where
        this_.login_id=?
Hibernate: 
    /* criteria query */ select
        this_.id as id3_0_,
        this_.version as version3_0_,
        this_.date_created as date3_3_0_,
        this_.login_id as login4_3_0_,
        this_.password as password3_0_ 
    from
        user this_ 
    where
        this_.login_id=?
Hibernate: 
    /* insert com.summitbid.coach.User
        */ insert 
        into
            user
            (id, version, date_created, login_id, password) 
        values
            (null, ?, ?, ?, ?)
]]></system-out>

      <system-err><![CDATA[--Output from Adding posts to user links post to user--
--Output from Ensure posts linked to a user can be retrieved--
--Output from Exercise tagging several posts with various tags--
]]></system-err>

  </testsuite>
  <testsuite errors="0" failures="0" hostname="CCHL-829706a" id="2" name="QueryIntegrationSpec" package="com.summitbid.coach" tests="7" time="0.595" timestamp="2013-12-06T23:29:57">
      <properties />

      <testcase classname="com.summitbid.coach.QueryIntegrationSpec" name="Simple property comparison" time="0.118" />

      <testcase classname="com.summitbid.coach.QueryIntegrationSpec" name="Multiple criteria" time="0.034" />

      <testcase classname="com.summitbid.coach.QueryIntegrationSpec" name="Query on association" time="0.066" />

      <testcase classname="com.summitbid.coach.QueryIntegrationSpec" name="Query against a range value" time="0.044" />

      <testcase classname="com.summitbid.coach.QueryIntegrationSpec" name="Retrieve a single instance" time="0.037" />

      <testcase classname="com.summitbid.coach.QueryIntegrationSpec" name="Test a criteria query" time="0.064" />

      <testcase classname="com.summitbid.coach.QueryIntegrationSpec" name="HQL query" time="0.212" />

      <system-out><![CDATA[--Output from Simple property comparison--
Hibernate: 
    /* criteria query */ select
        this_.id as id3_0_,
        this_.version as version3_0_,
        this_.date_created as date3_3_0_,
        this_.login_id as login4_3_0_,
        this_.password as password3_0_ 
    from
        user this_ 
    where
        this_.password=? 
    order by
        this_.login_id asc
Hibernate: 
    /* load com.summitbid.coach.Profile */ select
        profile0_.id as id2_0_,
        profile0_.version as version2_0_,
        profile0_.bio as bio2_0_,
        profile0_.country as country2_0_,
        profile0_.email as email2_0_,
        profile0_.full_name as full6_2_0_,
        profile0_.homepage as homepage2_0_,
        profile0_.jabber_address as jabber8_2_0_,
        profile0_.timezone as timezone2_0_,
        profile0_.user_id as user10_2_0_ 
    from
        profile profile0_ 
    where
        profile0_.user_id=?
--Output from Multiple criteria--
Hibernate: 
    /* criteria query */ select
        this_.id as id3_0_,
        this_.version as version3_0_,
        this_.date_created as date3_3_0_,
        this_.login_id as login4_3_0_,
        this_.password as password3_0_ 
    from
        user this_ 
    where
        (
            this_.login_id=? 
            or this_.password=?
        ) 
    order by
        this_.login_id asc
Hibernate: 
    /* load com.summitbid.coach.Profile */ select
        profile0_.id as id2_0_,
        profile0_.version as version2_0_,
        profile0_.bio as bio2_0_,
        profile0_.country as country2_0_,
        profile0_.email as email2_0_,
        profile0_.full_name as full6_2_0_,
        profile0_.homepage as homepage2_0_,
        profile0_.jabber_address as jabber8_2_0_,
        profile0_.timezone as timezone2_0_,
        profile0_.user_id as user10_2_0_ 
    from
        profile profile0_ 
    where
        profile0_.user_id=?
Hibernate: 
    /* load com.summitbid.coach.Profile */ select
        profile0_.id as id2_0_,
        profile0_.version as version2_0_,
        profile0_.bio as bio2_0_,
        profile0_.country as country2_0_,
        profile0_.email as email2_0_,
        profile0_.full_name as full6_2_0_,
        profile0_.homepage as homepage2_0_,
        profile0_.jabber_address as jabber8_2_0_,
        profile0_.timezone as timezone2_0_,
        profile0_.user_id as user10_2_0_ 
    from
        profile profile0_ 
    where
        profile0_.user_id=?
Hibernate: 
    /* load com.summitbid.coach.Profile */ select
        profile0_.id as id2_0_,
        profile0_.version as version2_0_,
        profile0_.bio as bio2_0_,
        profile0_.country as country2_0_,
        profile0_.email as email2_0_,
        profile0_.full_name as full6_2_0_,
        profile0_.homepage as homepage2_0_,
        profile0_.jabber_address as jabber8_2_0_,
        profile0_.timezone as timezone2_0_,
        profile0_.user_id as user10_2_0_ 
    from
        profile profile0_ 
    where
        profile0_.user_id=?
--Output from Query on association--
Hibernate: 
    /* criteria query */ select
        this_.id as id3_1_,
        this_.version as version3_1_,
        this_.date_created as date3_3_1_,
        this_.login_id as login4_3_1_,
        this_.password as password3_1_,
        following3_.user_following_id as user1_3_,
        following_1_.id as user2_,
        following_1_.id as id3_0_,
        following_1_.version as version3_0_,
        following_1_.date_created as date3_3_0_,
        following_1_.login_id as login4_3_0_,
        following_1_.password as password3_0_ 
    from
        user this_ 
    inner join
        user_user following3_ 
            on this_.id=following3_.user_following_id 
    inner join
        user following_1_ 
            on following3_.user_id=following_1_.id 
    where
        following_1_.login_id=? 
    order by
        this_.login_id asc
Hibernate: 
    /* load com.summitbid.coach.Profile */ select
        profile0_.id as id2_0_,
        profile0_.version as version2_0_,
        profile0_.bio as bio2_0_,
        profile0_.country as country2_0_,
        profile0_.email as email2_0_,
        profile0_.full_name as full6_2_0_,
        profile0_.homepage as homepage2_0_,
        profile0_.jabber_address as jabber8_2_0_,
        profile0_.timezone as timezone2_0_,
        profile0_.user_id as user10_2_0_ 
    from
        profile profile0_ 
    where
        profile0_.user_id=?
Hibernate: 
    /* load com.summitbid.coach.Profile */ select
        profile0_.id as id2_0_,
        profile0_.version as version2_0_,
        profile0_.bio as bio2_0_,
        profile0_.country as country2_0_,
        profile0_.email as email2_0_,
        profile0_.full_name as full6_2_0_,
        profile0_.homepage as homepage2_0_,
        profile0_.jabber_address as jabber8_2_0_,
        profile0_.timezone as timezone2_0_,
        profile0_.user_id as user10_2_0_ 
    from
        profile profile0_ 
    where
        profile0_.user_id=?
--Output from Query against a range value--
the date is Fri Dec 06 16:29:57 MST 2013
the previous date is Thu Dec 05 16:29:57 MST 2013
Hibernate: 
    /* criteria query */ select
        this_.id as id3_0_,
        this_.version as version3_0_,
        this_.date_created as date3_3_0_,
        this_.login_id as login4_3_0_,
        this_.password as password3_0_ 
    from
        user this_ 
    where
        this_.date_created between ? and ? 
    order by
        this_.login_id desc
Hibernate: 
    /* load com.summitbid.coach.Profile */ select
        profile0_.id as id2_0_,
        profile0_.version as version2_0_,
        profile0_.bio as bio2_0_,
        profile0_.country as country2_0_,
        profile0_.email as email2_0_,
        profile0_.full_name as full6_2_0_,
        profile0_.homepage as homepage2_0_,
        profile0_.jabber_address as jabber8_2_0_,
        profile0_.timezone as timezone2_0_,
        profile0_.user_id as user10_2_0_ 
    from
        profile profile0_ 
    where
        profile0_.user_id=?
Hibernate: 
    /* load com.summitbid.coach.Profile */ select
        profile0_.id as id2_0_,
        profile0_.version as version2_0_,
        profile0_.bio as bio2_0_,
        profile0_.country as country2_0_,
        profile0_.email as email2_0_,
        profile0_.full_name as full6_2_0_,
        profile0_.homepage as homepage2_0_,
        profile0_.jabber_address as jabber8_2_0_,
        profile0_.timezone as timezone2_0_,
        profile0_.user_id as user10_2_0_ 
    from
        profile profile0_ 
    where
        profile0_.user_id=?
Hibernate: 
    /* load com.summitbid.coach.Profile */ select
        profile0_.id as id2_0_,
        profile0_.version as version2_0_,
        profile0_.bio as bio2_0_,
        profile0_.country as country2_0_,
        profile0_.email as email2_0_,
        profile0_.full_name as full6_2_0_,
        profile0_.homepage as homepage2_0_,
        profile0_.jabber_address as jabber8_2_0_,
        profile0_.timezone as timezone2_0_,
        profile0_.user_id as user10_2_0_ 
    from
        profile profile0_ 
    where
        profile0_.user_id=?
Hibernate: 
    /* load com.summitbid.coach.Profile */ select
        profile0_.id as id2_0_,
        profile0_.version as version2_0_,
        profile0_.bio as bio2_0_,
        profile0_.country as country2_0_,
        profile0_.email as email2_0_,
        profile0_.full_name as full6_2_0_,
        profile0_.homepage as homepage2_0_,
        profile0_.jabber_address as jabber8_2_0_,
        profile0_.timezone as timezone2_0_,
        profile0_.user_id as user10_2_0_ 
    from
        profile profile0_ 
    where
        profile0_.user_id=?
Hibernate: 
    /* load com.summitbid.coach.Profile */ select
        profile0_.id as id2_0_,
        profile0_.version as version2_0_,
        profile0_.bio as bio2_0_,
        profile0_.country as country2_0_,
        profile0_.email as email2_0_,
        profile0_.full_name as full6_2_0_,
        profile0_.homepage as homepage2_0_,
        profile0_.jabber_address as jabber8_2_0_,
        profile0_.timezone as timezone2_0_,
        profile0_.user_id as user10_2_0_ 
    from
        profile profile0_ 
    where
        profile0_.user_id=?
Hibernate: 
    /* load com.summitbid.coach.Profile */ select
        profile0_.id as id2_0_,
        profile0_.version as version2_0_,
        profile0_.bio as bio2_0_,
        profile0_.country as country2_0_,
        profile0_.email as email2_0_,
        profile0_.full_name as full6_2_0_,
        profile0_.homepage as homepage2_0_,
        profile0_.jabber_address as jabber8_2_0_,
        profile0_.timezone as timezone2_0_,
        profile0_.user_id as user10_2_0_ 
    from
        profile profile0_ 
    where
        profile0_.user_id=?
--Output from Retrieve a single instance--
Hibernate: 
    /* criteria query */ select
        this_.id as id3_0_,
        this_.version as version3_0_,
        this_.date_created as date3_3_0_,
        this_.login_id as login4_3_0_,
        this_.password as password3_0_ 
    from
        user this_ 
    where
        this_.login_id=?
Hibernate: 
    /* load com.summitbid.coach.Profile */ select
        profile0_.id as id2_0_,
        profile0_.version as version2_0_,
        profile0_.bio as bio2_0_,
        profile0_.country as country2_0_,
        profile0_.email as email2_0_,
        profile0_.full_name as full6_2_0_,
        profile0_.homepage as homepage2_0_,
        profile0_.jabber_address as jabber8_2_0_,
        profile0_.timezone as timezone2_0_,
        profile0_.user_id as user10_2_0_ 
    from
        profile profile0_ 
    where
        profile0_.user_id=?
--Output from Test a criteria query--
Hibernate: 
    /* criteria query */ select
        t1_.name as y0_,
        count(t1_.id) as y1_ 
    from
        post this_ 
    inner join
        post_tags tags4_ 
            on this_.id=tags4_.post_id 
    inner join
        tag t1_ 
            on tags4_.tag_id=t1_.id 
    inner join
        user user_alias2_ 
            on this_.user_id=user_alias2_.id 
    where
        (
            user_alias2_.login_id=?
        ) 
    group by
        t1_.name
tagList: [[ramblings, 1], [grails, 2], [second, 1], [groovy, 3], [bbq, 1]]
done with cq
--Output from HQL query--
Hibernate: 
    /* select
        t.name,
        count(t.id) 
    from
        Post p 
    join
        p.tags as t 
    where
        p.user.loginId = ? 
    group by
        t.name */ select
            tag2_.name as col_0_0_,
            count(tag2_.id) as col_1_0_ 
        from
            post post0_ 
        inner join
            post_tags tags1_ 
                on post0_.id=tags1_.post_id 
        inner join
            tag tag2_ 
                on tags1_.tag_id=tag2_.id cross 
        join
            user user3_ 
        where
            post0_.user_id=user3_.id 
            and user3_.login_id=? 
        group by
            tag2_.name
done. result is: [[ramblings, 1], [grails, 2], [second, 1], [groovy, 3], [bbq, 1]]
]]></system-out>

      <system-err><![CDATA[--Output from Simple property comparison--
--Output from Multiple criteria--
--Output from Query on association--
--Output from Query against a range value--
--Output from Retrieve a single instance--
--Output from Test a criteria query--
--Output from HQL query--
]]></system-err>

  </testsuite>
  <testsuite errors="0" failures="0" hostname="CCHL-829706a" id="3" name="UserIntegrationSpec" package="com.summitbid.coach" tests="6" time="0.127" timestamp="2013-12-06T23:29:58">
      <properties />

      <testcase classname="com.summitbid.coach.UserIntegrationSpec" name="Saving our first user to the database" time="0.021" />

      <testcase classname="com.summitbid.coach.UserIntegrationSpec" name="Updating a saved user changes its properties" time="0.015" />

      <testcase classname="com.summitbid.coach.UserIntegrationSpec" name="Deleting an existing user removes it from the database" time="0.03" />

      <testcase classname="com.summitbid.coach.UserIntegrationSpec" name="Saving a user with invalid properties causes an error" time="0.016" />

      <testcase classname="com.summitbid.coach.UserIntegrationSpec" name="Recovering from a failed save by fixing invalid properties" time="0.02" />

      <testcase classname="com.summitbid.coach.UserIntegrationSpec" name="Ensure a user can follow other users" time="0.023" />

      <system-out><![CDATA[--Output from Saving our first user to the database--
Hibernate: 
    /* criteria query */ select
        this_.id as id3_0_,
        this_.version as version3_0_,
        this_.date_created as date3_3_0_,
        this_.login_id as login4_3_0_,
        this_.password as password3_0_ 
    from
        user this_ 
    where
        this_.login_id=?
Hibernate: 
    /* criteria query */ select
        this_.id as id3_0_,
        this_.version as version3_0_,
        this_.date_created as date3_3_0_,
        this_.login_id as login4_3_0_,
        this_.password as password3_0_ 
    from
        user this_ 
    where
        this_.login_id=?
Hibernate: 
    /* insert com.summitbid.coach.User
        */ insert 
        into
            user
            (id, version, date_created, login_id, password) 
        values
            (null, ?, ?, ?, ?)
--Output from Updating a saved user changes its properties--
Hibernate: 
    /* criteria query */ select
        this_.id as id3_0_,
        this_.version as version3_0_,
        this_.date_created as date3_3_0_,
        this_.login_id as login4_3_0_,
        this_.password as password3_0_ 
    from
        user this_ 
    where
        this_.login_id=?
Hibernate: 
    /* criteria query */ select
        this_.id as id3_0_,
        this_.version as version3_0_,
        this_.date_created as date3_3_0_,
        this_.login_id as login4_3_0_,
        this_.password as password3_0_ 
    from
        user this_ 
    where
        this_.login_id=?
Hibernate: 
    /* insert com.summitbid.coach.User
        */ insert 
        into
            user
            (id, version, date_created, login_id, password) 
        values
            (null, ?, ?, ?, ?)
Hibernate: 
    /* criteria query */ select
        this_.id as id3_0_,
        this_.version as version3_0_,
        this_.date_created as date3_3_0_,
        this_.login_id as login4_3_0_,
        this_.password as password3_0_ 
    from
        user this_ 
    where
        this_.login_id=?
--Output from Deleting an existing user removes it from the database--
Hibernate: 
    /* criteria query */ select
        this_.id as id3_0_,
        this_.version as version3_0_,
        this_.date_created as date3_3_0_,
        this_.login_id as login4_3_0_,
        this_.password as password3_0_ 
    from
        user this_ 
    where
        this_.login_id=?
Hibernate: 
    /* criteria query */ select
        this_.id as id3_0_,
        this_.version as version3_0_,
        this_.date_created as date3_3_0_,
        this_.login_id as login4_3_0_,
        this_.password as password3_0_ 
    from
        user this_ 
    where
        this_.login_id=?
Hibernate: 
    /* insert com.summitbid.coach.User
        */ insert 
        into
            user
            (id, version, date_created, login_id, password) 
        values
            (null, ?, ?, ?, ?)
Hibernate: 
    /* delete com.summitbid.coach.User */ delete 
        from
            user 
        where
            id=? 
            and version=?
Hibernate: 
    /* criteria query */ select
        count(*) as y0_ 
    from
        user this_ 
    where
        this_.id = ?
--Output from Saving a user with invalid properties causes an error--
Hibernate: 
    /* criteria query */ select
        this_.id as id3_0_,
        this_.version as version3_0_,
        this_.date_created as date3_3_0_,
        this_.login_id as login4_3_0_,
        this_.password as password3_0_ 
    from
        user this_ 
    where
        this_.login_id=?
--Output from Recovering from a failed save by fixing invalid properties--
Hibernate: 
    /* criteria query */ select
        this_.id as id3_0_,
        this_.version as version3_0_,
        this_.date_created as date3_3_0_,
        this_.login_id as login4_3_0_,
        this_.password as password3_0_ 
    from
        user this_ 
    where
        this_.login_id=?
Hibernate: 
    /* criteria query */ select
        this_.id as id3_0_,
        this_.version as version3_0_,
        this_.date_created as date3_3_0_,
        this_.login_id as login4_3_0_,
        this_.password as password3_0_ 
    from
        user this_ 
    where
        this_.login_id=?
Hibernate: 
    /* criteria query */ select
        this_.id as id3_0_,
        this_.version as version3_0_,
        this_.date_created as date3_3_0_,
        this_.login_id as login4_3_0_,
        this_.password as password3_0_ 
    from
        user this_ 
    where
        this_.login_id=?
Hibernate: 
    /* criteria query */ select
        this_.id as id3_0_,
        this_.version as version3_0_,
        this_.date_created as date3_3_0_,
        this_.login_id as login4_3_0_,
        this_.password as password3_0_ 
    from
        user this_ 
    where
        this_.login_id=?
Hibernate: 
    /* insert com.summitbid.coach.User
        */ insert 
        into
            user
            (id, version, date_created, login_id, password) 
        values
            (null, ?, ?, ?, ?)
--Output from Ensure a user can follow other users--
Hibernate: 
    /* criteria query */ select
        this_.id as id3_0_,
        this_.version as version3_0_,
        this_.date_created as date3_3_0_,
        this_.login_id as login4_3_0_,
        this_.password as password3_0_ 
    from
        user this_ 
    where
        this_.login_id=?
Hibernate: 
    /* criteria query */ select
        this_.id as id3_0_,
        this_.version as version3_0_,
        this_.date_created as date3_3_0_,
        this_.login_id as login4_3_0_,
        this_.password as password3_0_ 
    from
        user this_ 
    where
        this_.login_id=?
Hibernate: 
    /* insert com.summitbid.coach.User
        */ insert 
        into
            user
            (id, version, date_created, login_id, password) 
        values
            (null, ?, ?, ?, ?)
Hibernate: 
    /* criteria query */ select
        this_.id as id3_0_,
        this_.version as version3_0_,
        this_.date_created as date3_3_0_,
        this_.login_id as login4_3_0_,
        this_.password as password3_0_ 
    from
        user this_ 
    where
        this_.login_id=?
Hibernate: 
    /* criteria query */ select
        this_.id as id3_0_,
        this_.version as version3_0_,
        this_.date_created as date3_3_0_,
        this_.login_id as login4_3_0_,
        this_.password as password3_0_ 
    from
        user this_ 
    where
        this_.login_id=?
Hibernate: 
    /* insert com.summitbid.coach.User
        */ insert 
        into
            user
            (id, version, date_created, login_id, password) 
        values
            (null, ?, ?, ?, ?)
Hibernate: 
    /* criteria query */ select
        this_.id as id3_0_,
        this_.version as version3_0_,
        this_.date_created as date3_3_0_,
        this_.login_id as login4_3_0_,
        this_.password as password3_0_ 
    from
        user this_ 
    where
        this_.login_id=?
Hibernate: 
    /* criteria query */ select
        this_.id as id3_0_,
        this_.version as version3_0_,
        this_.date_created as date3_3_0_,
        this_.login_id as login4_3_0_,
        this_.password as password3_0_ 
    from
        user this_ 
    where
        this_.login_id=?
Hibernate: 
    /* insert com.summitbid.coach.User
        */ insert 
        into
            user
            (id, version, date_created, login_id, password) 
        values
            (null, ?, ?, ?, ?)
]]></system-out>

      <system-err><![CDATA[--Output from Saving our first user to the database--
--Output from Updating a saved user changes its properties--
--Output from Deleting an existing user removes it from the database--
--Output from Saving a user with invalid properties causes an error--
--Output from Recovering from a failed save by fixing invalid properties--
--Output from Ensure a user can follow other users--
]]></system-err>

  </testsuite>
  <testsuite errors="0" failures="0" hostname="CCHL-829706a" id="4" name="PostControllerSpec" package="com.summitbid.coach" tests="2" time="4.927" timestamp="2013-12-06T23:29:35">
      <properties />

      <testcase classname="com.summitbid.coach.PostControllerSpec" name="Get a users timeline given their id" time="4.456" />

      <testcase classname="com.summitbid.coach.PostControllerSpec" name="Check that non-existent users are handled with an error" time="0.393" />

      <system-out><![CDATA[--Output from Get a users timeline given their id--
--Output from Check that non-existent users are handled with an error--
]]></system-out>

      <system-err><![CDATA[--Output from Get a users timeline given their id--
--Output from Check that non-existent users are handled with an error--
]]></system-err>

  </testsuite>
</testsuites>
